CRITICAL - 2025-09-14 14:06:52 --> Error: Call to private method App\Controllers\BaseController::formatDatesCompact() from scope App\Controllers\Admin\GuestSubscription
[Method: POST, Route: admin/guest-subscriptions/store]
in APPPATH\Controllers\Admin\GuestSubscription.php on line 289.
 1 SYSTEMPATH\CodeIgniter.php(933): App\Controllers\Admin\GuestSubscription->store()
 2 SYSTEMPATH\CodeIgniter.php(507): CodeIgniter\CodeIgniter->runController(Object(App\Controllers\Admin\GuestSubscription))
 3 SYSTEMPATH\CodeIgniter.php(354): CodeIgniter\CodeIgniter->handleRequest(null, Object(Config\Cache), false)
 4 SYSTEMPATH\Boot.php(334): CodeIgniter\CodeIgniter->run()
 5 SYSTEMPATH\Boot.php(67): CodeIgniter\Boot::runCodeIgniter(Object(CodeIgniter\CodeIgniter))
 6 FCPATH\index.php(59): CodeIgniter\Boot::bootWeb(Object(Config\Paths))
 7 SYSTEMPATH\rewrite.php(44): require_once('C:\\wamp64\\www\\bkash_lms\\public\\index.php')
CRITICAL - 2025-09-14 15:18:37 --> ParseError: syntax error, unexpected token ":"
[Method: GET, Route: admin/guest-subscriptions]
in APPPATH\Views\partials\admin\subs_list_tbody.php on line 72.
 1 SYSTEMPATH\View\View.php(227): CodeIgniter\View\View->CodeIgniter\View\{closure}()
 2 SYSTEMPATH\Common.php(1173): CodeIgniter\View\View->render('partials/admin/subs_list_tbody', [], true)
 3 APPPATH\Views\admin\guest\index.php(58): view('partials/admin/subs_list_tbody', [...])
 4 SYSTEMPATH\View\View.php(224): include('C:\\wamp64\\www\\bkash_lms\\app\\Views\\admin\\guest\\index.php')
 5 SYSTEMPATH\View\View.php(227): CodeIgniter\View\View->CodeIgniter\View\{closure}()
 6 SYSTEMPATH\Common.php(1173): CodeIgniter\View\View->render('admin/guest/index', [], true)
 7 APPPATH\Controllers\Admin\GuestSubscription.php(334): view('admin/guest/index', [...])
 8 SYSTEMPATH\CodeIgniter.php(933): App\Controllers\Admin\GuestSubscription->index()
 9 SYSTEMPATH\CodeIgniter.php(507): CodeIgniter\CodeIgniter->runController(Object(App\Controllers\Admin\GuestSubscription))
10 SYSTEMPATH\CodeIgniter.php(354): CodeIgniter\CodeIgniter->handleRequest(null, Object(Config\Cache), false)
11 SYSTEMPATH\Boot.php(334): CodeIgniter\CodeIgniter->run()
12 SYSTEMPATH\Boot.php(67): CodeIgniter\Boot::runCodeIgniter(Object(CodeIgniter\CodeIgniter))
13 FCPATH\index.php(59): CodeIgniter\Boot::bootWeb(Object(Config\Paths))
14 SYSTEMPATH\rewrite.php(44): require_once('C:\\wamp64\\www\\bkash_lms\\public\\index.php')
CRITICAL - 2025-09-14 17:57:56 --> ErrorException: Undefined variable $path1
[Method: GET, Route: admin/sehri-subscription/all-sehri-list]
in APPPATH\Views\partials\sidebar\nav_items.php on line 38.
 1 APPPATH\Views\partials\sidebar\nav_items.php(38): CodeIgniter\Debug\Exceptions->errorHandler(2, 'Undefined variable $path1', 'C:\\wamp64\\www\\bkash_lms\\app\\Views\\partials\\sidebar\\nav_items.php', 38)
 2 SYSTEMPATH\View\View.php(224): include('C:\\wamp64\\www\\bkash_lms\\app\\Views\\partials\\sidebar\\nav_items.php')
 3 SYSTEMPATH\View\View.php(227): CodeIgniter\View\View->CodeIgniter\View\{closure}()
 4 SYSTEMPATH\Common.php(1173): CodeIgniter\View\View->render('partials/sidebar/nav_items', [], true)
 5 APPPATH\Views\partials\sidebar\sidebar_admin.php(27): view('partials/sidebar/nav_items', [...])
 6 SYSTEMPATH\View\View.php(224): include('C:\\wamp64\\www\\bkash_lms\\app\\Views\\partials\\sidebar\\sidebar_admin.php')
 7 SYSTEMPATH\View\View.php(227): CodeIgniter\View\View->CodeIgniter\View\{closure}()
 8 SYSTEMPATH\View\View.php(475): CodeIgniter\View\View->render('partials/sidebar/sidebar_admin', null, true)
 9 APPPATH\Views\layouts\admin.php(4): CodeIgniter\View\View->include('partials/sidebar/sidebar_admin')
10 SYSTEMPATH\View\View.php(224): include('C:\\wamp64\\www\\bkash_lms\\app\\Views\\layouts\\admin.php')
11 SYSTEMPATH\View\View.php(227): CodeIgniter\View\View->CodeIgniter\View\{closure}()
12 SYSTEMPATH\View\View.php(240): CodeIgniter\View\View->render('layouts/admin', [], true)
13 SYSTEMPATH\Common.php(1173): CodeIgniter\View\View->render('admin/sehri_subscription/all_sehri_list', [], true)
14 APPPATH\Controllers\Admin\SehriSubscription.php(78): view('admin/sehri_subscription/all_sehri_list', [...])
15 SYSTEMPATH\CodeIgniter.php(933): App\Controllers\Admin\SehriSubscription->allSehriList()
16 SYSTEMPATH\CodeIgniter.php(507): CodeIgniter\CodeIgniter->runController(Object(App\Controllers\Admin\SehriSubscription))
17 SYSTEMPATH\CodeIgniter.php(354): CodeIgniter\CodeIgniter->handleRequest(null, Object(Config\Cache), false)
18 SYSTEMPATH\Boot.php(334): CodeIgniter\CodeIgniter->run()
19 SYSTEMPATH\Boot.php(67): CodeIgniter\Boot::runCodeIgniter(Object(CodeIgniter\CodeIgniter))
20 FCPATH\index.php(59): CodeIgniter\Boot::bootWeb(Object(Config\Paths))
21 SYSTEMPATH\rewrite.php(44): require_once('C:\\wamp64\\www\\bkash_lms\\public\\index.php')
CRITICAL - 2025-09-14 18:00:30 --> ErrorException: Undefined variable $path1
[Method: GET, Route: admin/sehri-subscription/all-sehri-list]
in APPPATH\Views\partials\sidebar\nav_items.php on line 38.
 1 APPPATH\Views\partials\sidebar\nav_items.php(38): CodeIgniter\Debug\Exceptions->errorHandler(2, 'Undefined variable $path1', 'C:\\wamp64\\www\\bkash_lms\\app\\Views\\partials\\sidebar\\nav_items.php', 38)
 2 SYSTEMPATH\View\View.php(224): include('C:\\wamp64\\www\\bkash_lms\\app\\Views\\partials\\sidebar\\nav_items.php')
 3 SYSTEMPATH\View\View.php(227): CodeIgniter\View\View->CodeIgniter\View\{closure}()
 4 SYSTEMPATH\Common.php(1173): CodeIgniter\View\View->render('partials/sidebar/nav_items', [], true)
 5 APPPATH\Views\partials\sidebar\sidebar_admin.php(27): view('partials/sidebar/nav_items', [...])
 6 SYSTEMPATH\View\View.php(224): include('C:\\wamp64\\www\\bkash_lms\\app\\Views\\partials\\sidebar\\sidebar_admin.php')
 7 SYSTEMPATH\View\View.php(227): CodeIgniter\View\View->CodeIgniter\View\{closure}()
 8 SYSTEMPATH\View\View.php(475): CodeIgniter\View\View->render('partials/sidebar/sidebar_admin', null, true)
 9 APPPATH\Views\layouts\admin.php(4): CodeIgniter\View\View->include('partials/sidebar/sidebar_admin')
10 SYSTEMPATH\View\View.php(224): include('C:\\wamp64\\www\\bkash_lms\\app\\Views\\layouts\\admin.php')
11 SYSTEMPATH\View\View.php(227): CodeIgniter\View\View->CodeIgniter\View\{closure}()
12 SYSTEMPATH\View\View.php(240): CodeIgniter\View\View->render('layouts/admin', [], true)
13 SYSTEMPATH\Common.php(1173): CodeIgniter\View\View->render('admin/sehri_subscription/all_sehri_list', [], true)
14 APPPATH\Controllers\Admin\SehriSubscription.php(78): view('admin/sehri_subscription/all_sehri_list', [...])
15 SYSTEMPATH\CodeIgniter.php(933): App\Controllers\Admin\SehriSubscription->allSehriList()
16 SYSTEMPATH\CodeIgniter.php(507): CodeIgniter\CodeIgniter->runController(Object(App\Controllers\Admin\SehriSubscription))
17 SYSTEMPATH\CodeIgniter.php(354): CodeIgniter\CodeIgniter->handleRequest(null, Object(Config\Cache), false)
18 SYSTEMPATH\Boot.php(334): CodeIgniter\CodeIgniter->run()
19 SYSTEMPATH\Boot.php(67): CodeIgniter\Boot::runCodeIgniter(Object(CodeIgniter\CodeIgniter))
20 FCPATH\index.php(59): CodeIgniter\Boot::bootWeb(Object(Config\Paths))
21 SYSTEMPATH\rewrite.php(44): require_once('C:\\wamp64\\www\\bkash_lms\\public\\index.php')
CRITICAL - 2025-09-14 18:01:23 --> ParseError: Unmatched '}'
[Method: GET, Route: admin/sehri-subscription/all-sehri-list]
in APPPATH\Views\partials\sidebar\nav_items.php on line 49.
 1 SYSTEMPATH\View\View.php(227): CodeIgniter\View\View->CodeIgniter\View\{closure}()
 2 SYSTEMPATH\Common.php(1173): CodeIgniter\View\View->render('partials/sidebar/nav_items', [], true)
 3 APPPATH\Views\partials\sidebar\sidebar_admin.php(6): view('partials/sidebar/nav_items', [...])
 4 SYSTEMPATH\View\View.php(224): include('C:\\wamp64\\www\\bkash_lms\\app\\Views\\partials\\sidebar\\sidebar_admin.php')
 5 SYSTEMPATH\View\View.php(227): CodeIgniter\View\View->CodeIgniter\View\{closure}()
 6 SYSTEMPATH\View\View.php(475): CodeIgniter\View\View->render('partials/sidebar/sidebar_admin', null, true)
 7 APPPATH\Views\layouts\admin.php(4): CodeIgniter\View\View->include('partials/sidebar/sidebar_admin')
 8 SYSTEMPATH\View\View.php(224): include('C:\\wamp64\\www\\bkash_lms\\app\\Views\\layouts\\admin.php')
 9 SYSTEMPATH\View\View.php(227): CodeIgniter\View\View->CodeIgniter\View\{closure}()
10 SYSTEMPATH\View\View.php(240): CodeIgniter\View\View->render('layouts/admin', [], true)
11 SYSTEMPATH\Common.php(1173): CodeIgniter\View\View->render('admin/sehri_subscription/all_sehri_list', [], true)
12 APPPATH\Controllers\Admin\SehriSubscription.php(78): view('admin/sehri_subscription/all_sehri_list', [...])
13 SYSTEMPATH\CodeIgniter.php(933): App\Controllers\Admin\SehriSubscription->allSehriList()
14 SYSTEMPATH\CodeIgniter.php(507): CodeIgniter\CodeIgniter->runController(Object(App\Controllers\Admin\SehriSubscription))
15 SYSTEMPATH\CodeIgniter.php(354): CodeIgniter\CodeIgniter->handleRequest(null, Object(Config\Cache), false)
16 SYSTEMPATH\Boot.php(334): CodeIgniter\CodeIgniter->run()
17 SYSTEMPATH\Boot.php(67): CodeIgniter\Boot::runCodeIgniter(Object(CodeIgniter\CodeIgniter))
18 FCPATH\index.php(59): CodeIgniter\Boot::bootWeb(Object(Config\Paths))
19 SYSTEMPATH\rewrite.php(44): require_once('C:\\wamp64\\www\\bkash_lms\\public\\index.php')
CRITICAL - 2025-09-14 18:01:48 --> ParseError: Unmatched '}'
[Method: GET, Route: admin/sehri-subscription/all-sehri-list]
in APPPATH\Views\partials\sidebar\nav_items.php on line 45.
 1 SYSTEMPATH\View\View.php(227): CodeIgniter\View\View->CodeIgniter\View\{closure}()
 2 SYSTEMPATH\Common.php(1173): CodeIgniter\View\View->render('partials/sidebar/nav_items', [], true)
 3 APPPATH\Views\partials\sidebar\sidebar_admin.php(6): view('partials/sidebar/nav_items', [...])
 4 SYSTEMPATH\View\View.php(224): include('C:\\wamp64\\www\\bkash_lms\\app\\Views\\partials\\sidebar\\sidebar_admin.php')
 5 SYSTEMPATH\View\View.php(227): CodeIgniter\View\View->CodeIgniter\View\{closure}()
 6 SYSTEMPATH\View\View.php(475): CodeIgniter\View\View->render('partials/sidebar/sidebar_admin', null, true)
 7 APPPATH\Views\layouts\admin.php(4): CodeIgniter\View\View->include('partials/sidebar/sidebar_admin')
 8 SYSTEMPATH\View\View.php(224): include('C:\\wamp64\\www\\bkash_lms\\app\\Views\\layouts\\admin.php')
 9 SYSTEMPATH\View\View.php(227): CodeIgniter\View\View->CodeIgniter\View\{closure}()
10 SYSTEMPATH\View\View.php(240): CodeIgniter\View\View->render('layouts/admin', [], true)
11 SYSTEMPATH\Common.php(1173): CodeIgniter\View\View->render('admin/sehri_subscription/all_sehri_list', [], true)
12 APPPATH\Controllers\Admin\SehriSubscription.php(78): view('admin/sehri_subscription/all_sehri_list', [...])
13 SYSTEMPATH\CodeIgniter.php(933): App\Controllers\Admin\SehriSubscription->allSehriList()
14 SYSTEMPATH\CodeIgniter.php(507): CodeIgniter\CodeIgniter->runController(Object(App\Controllers\Admin\SehriSubscription))
15 SYSTEMPATH\CodeIgniter.php(354): CodeIgniter\CodeIgniter->handleRequest(null, Object(Config\Cache), false)
16 SYSTEMPATH\Boot.php(334): CodeIgniter\CodeIgniter->run()
17 SYSTEMPATH\Boot.php(67): CodeIgniter\Boot::runCodeIgniter(Object(CodeIgniter\CodeIgniter))
18 FCPATH\index.php(59): CodeIgniter\Boot::bootWeb(Object(Config\Paths))
19 SYSTEMPATH\rewrite.php(44): require_once('C:\\wamp64\\www\\bkash_lms\\public\\index.php')
CRITICAL - 2025-09-14 18:02:21 --> ErrorException: Undefined variable $path1
[Method: GET, Route: admin/sehri-subscription/all-sehri-list]
in APPPATH\Views\partials\sidebar\nav_items.php on line 39.
 1 APPPATH\Views\partials\sidebar\nav_items.php(39): CodeIgniter\Debug\Exceptions->errorHandler(2, 'Undefined variable $path1', 'C:\\wamp64\\www\\bkash_lms\\app\\Views\\partials\\sidebar\\nav_items.php', 39)
 2 SYSTEMPATH\View\View.php(224): include('C:\\wamp64\\www\\bkash_lms\\app\\Views\\partials\\sidebar\\nav_items.php')
 3 SYSTEMPATH\View\View.php(227): CodeIgniter\View\View->CodeIgniter\View\{closure}()
 4 SYSTEMPATH\Common.php(1173): CodeIgniter\View\View->render('partials/sidebar/nav_items', [], true)
 5 APPPATH\Views\partials\sidebar\sidebar_admin.php(27): view('partials/sidebar/nav_items', [...])
 6 SYSTEMPATH\View\View.php(224): include('C:\\wamp64\\www\\bkash_lms\\app\\Views\\partials\\sidebar\\sidebar_admin.php')
 7 SYSTEMPATH\View\View.php(227): CodeIgniter\View\View->CodeIgniter\View\{closure}()
 8 SYSTEMPATH\View\View.php(475): CodeIgniter\View\View->render('partials/sidebar/sidebar_admin', null, true)
 9 APPPATH\Views\layouts\admin.php(4): CodeIgniter\View\View->include('partials/sidebar/sidebar_admin')
10 SYSTEMPATH\View\View.php(224): include('C:\\wamp64\\www\\bkash_lms\\app\\Views\\layouts\\admin.php')
11 SYSTEMPATH\View\View.php(227): CodeIgniter\View\View->CodeIgniter\View\{closure}()
12 SYSTEMPATH\View\View.php(240): CodeIgniter\View\View->render('layouts/admin', [], true)
13 SYSTEMPATH\Common.php(1173): CodeIgniter\View\View->render('admin/sehri_subscription/all_sehri_list', [], true)
14 APPPATH\Controllers\Admin\SehriSubscription.php(78): view('admin/sehri_subscription/all_sehri_list', [...])
15 SYSTEMPATH\CodeIgniter.php(933): App\Controllers\Admin\SehriSubscription->allSehriList()
16 SYSTEMPATH\CodeIgniter.php(507): CodeIgniter\CodeIgniter->runController(Object(App\Controllers\Admin\SehriSubscription))
17 SYSTEMPATH\CodeIgniter.php(354): CodeIgniter\CodeIgniter->handleRequest(null, Object(Config\Cache), false)
18 SYSTEMPATH\Boot.php(334): CodeIgniter\CodeIgniter->run()
19 SYSTEMPATH\Boot.php(67): CodeIgniter\Boot::runCodeIgniter(Object(CodeIgniter\CodeIgniter))
20 FCPATH\index.php(59): CodeIgniter\Boot::bootWeb(Object(Config\Paths))
21 SYSTEMPATH\rewrite.php(44): require_once('C:\\wamp64\\www\\bkash_lms\\public\\index.php')
CRITICAL - 2025-09-14 19:00:52 --> ErrorException: Undefined array key "name"
[Method: GET, Route: admin/ifter-subscription/all-ifter-list]
in APPPATH\Views\partials\admin\subs_list_tbody.php on line 37.
 1 APPPATH\Views\partials\admin\subs_list_tbody.php(37): CodeIgniter\Debug\Exceptions->errorHandler(2, 'Undefined array key "name"', 'C:\\wamp64\\www\\bkash_lms\\app\\Views\\partials\\admin\\subs_list_tbody.php', 37)
 2 SYSTEMPATH\View\View.php(224): include('C:\\wamp64\\www\\bkash_lms\\app\\Views\\partials\\admin\\subs_list_tbody.php')
 3 SYSTEMPATH\View\View.php(227): CodeIgniter\View\View->CodeIgniter\View\{closure}()
 4 SYSTEMPATH\Common.php(1173): CodeIgniter\View\View->render('partials/admin/subs_list_tbody', [], true)
 5 APPPATH\Views\admin\ifter_subscription\all_ifter_list.php(59): view('partials/admin/subs_list_tbody', [...])
 6 SYSTEMPATH\View\View.php(224): include('C:\\wamp64\\www\\bkash_lms\\app\\Views\\admin\\ifter_subscription\\all_ifter_list.php')
 7 SYSTEMPATH\View\View.php(227): CodeIgniter\View\View->CodeIgniter\View\{closure}()
 8 SYSTEMPATH\Common.php(1173): CodeIgniter\View\View->render('admin/ifter_subscription/all_ifter_list', [], true)
 9 APPPATH\Controllers\Admin\IfterSubscription.php(78): view('admin/ifter_subscription/all_ifter_list', [...])
10 SYSTEMPATH\CodeIgniter.php(933): App\Controllers\Admin\IfterSubscription->allIfterList()
11 SYSTEMPATH\CodeIgniter.php(507): CodeIgniter\CodeIgniter->runController(Object(App\Controllers\Admin\IfterSubscription))
12 SYSTEMPATH\CodeIgniter.php(354): CodeIgniter\CodeIgniter->handleRequest(null, Object(Config\Cache), false)
13 SYSTEMPATH\Boot.php(334): CodeIgniter\CodeIgniter->run()
14 SYSTEMPATH\Boot.php(67): CodeIgniter\Boot::runCodeIgniter(Object(CodeIgniter\CodeIgniter))
15 FCPATH\index.php(59): CodeIgniter\Boot::bootWeb(Object(Config\Paths))
16 SYSTEMPATH\rewrite.php(44): require_once('C:\\wamp64\\www\\bkash_lms\\public\\index.php')
CRITICAL - 2025-09-14 19:02:16 --> ErrorException: Undefined array key "name"
[Method: GET, Route: admin/sehri-subscription/all-sehri-list]
in APPPATH\Views\partials\admin\subs_list_tbody.php on line 37.
 1 APPPATH\Views\partials\admin\subs_list_tbody.php(37): CodeIgniter\Debug\Exceptions->errorHandler(2, 'Undefined array key "name"', 'C:\\wamp64\\www\\bkash_lms\\app\\Views\\partials\\admin\\subs_list_tbody.php', 37)
 2 SYSTEMPATH\View\View.php(224): include('C:\\wamp64\\www\\bkash_lms\\app\\Views\\partials\\admin\\subs_list_tbody.php')
 3 SYSTEMPATH\View\View.php(227): CodeIgniter\View\View->CodeIgniter\View\{closure}()
 4 SYSTEMPATH\Common.php(1173): CodeIgniter\View\View->render('partials/admin/subs_list_tbody', [], true)
 5 APPPATH\Views\admin\sehri_subscription\all_sehri_list.php(58): view('partials/admin/subs_list_tbody', [...])
 6 SYSTEMPATH\View\View.php(224): include('C:\\wamp64\\www\\bkash_lms\\app\\Views\\admin\\sehri_subscription\\all_sehri_list.php')
 7 SYSTEMPATH\View\View.php(227): CodeIgniter\View\View->CodeIgniter\View\{closure}()
 8 SYSTEMPATH\Common.php(1173): CodeIgniter\View\View->render('admin/sehri_subscription/all_sehri_list', [], true)
 9 APPPATH\Controllers\Admin\SehriSubscription.php(78): view('admin/sehri_subscription/all_sehri_list', [...])
10 SYSTEMPATH\CodeIgniter.php(933): App\Controllers\Admin\SehriSubscription->allSehriList()
11 SYSTEMPATH\CodeIgniter.php(507): CodeIgniter\CodeIgniter->runController(Object(App\Controllers\Admin\SehriSubscription))
12 SYSTEMPATH\CodeIgniter.php(354): CodeIgniter\CodeIgniter->handleRequest(null, Object(Config\Cache), false)
13 SYSTEMPATH\Boot.php(334): CodeIgniter\CodeIgniter->run()
14 SYSTEMPATH\Boot.php(67): CodeIgniter\Boot::runCodeIgniter(Object(CodeIgniter\CodeIgniter))
15 FCPATH\index.php(59): CodeIgniter\Boot::bootWeb(Object(Config\Paths))
16 SYSTEMPATH\rewrite.php(44): require_once('C:\\wamp64\\www\\bkash_lms\\public\\index.php')
CRITICAL - 2025-09-14 19:03:47 --> ErrorException: Undefined array key "name"
[Method: GET, Route: admin/eid-subscription/all-eid-subscription-list]
in APPPATH\Views\partials\admin\subs_list_tbody.php on line 37.
 1 APPPATH\Views\partials\admin\subs_list_tbody.php(37): CodeIgniter\Debug\Exceptions->errorHandler(2, 'Undefined array key "name"', 'C:\\wamp64\\www\\bkash_lms\\app\\Views\\partials\\admin\\subs_list_tbody.php', 37)
 2 SYSTEMPATH\View\View.php(224): include('C:\\wamp64\\www\\bkash_lms\\app\\Views\\partials\\admin\\subs_list_tbody.php')
 3 SYSTEMPATH\View\View.php(227): CodeIgniter\View\View->CodeIgniter\View\{closure}()
 4 SYSTEMPATH\Common.php(1173): CodeIgniter\View\View->render('partials/admin/subs_list_tbody', [], true)
 5 APPPATH\Views\admin\eid_subscription\all_eid_subscriptions.php(50): view('partials/admin/subs_list_tbody', [...])
 6 SYSTEMPATH\View\View.php(224): include('C:\\wamp64\\www\\bkash_lms\\app\\Views\\admin\\eid_subscription\\all_eid_subscriptions.php')
 7 SYSTEMPATH\View\View.php(227): CodeIgniter\View\View->CodeIgniter\View\{closure}()
 8 SYSTEMPATH\Common.php(1173): CodeIgniter\View\View->render('admin/eid_subscription/all_eid_subscriptions', [], true)
 9 APPPATH\Controllers\Admin\EidSubscription.php(77): view('admin/eid_subscription/all_eid_subscriptions', [...])
10 SYSTEMPATH\CodeIgniter.php(933): App\Controllers\Admin\EidSubscription->allEidSubsList()
11 SYSTEMPATH\CodeIgniter.php(507): CodeIgniter\CodeIgniter->runController(Object(App\Controllers\Admin\EidSubscription))
12 SYSTEMPATH\CodeIgniter.php(354): CodeIgniter\CodeIgniter->handleRequest(null, Object(Config\Cache), false)
13 SYSTEMPATH\Boot.php(334): CodeIgniter\CodeIgniter->run()
14 SYSTEMPATH\Boot.php(67): CodeIgniter\Boot::runCodeIgniter(Object(CodeIgniter\CodeIgniter))
15 FCPATH\index.php(59): CodeIgniter\Boot::bootWeb(Object(Config\Paths))
16 SYSTEMPATH\rewrite.php(44): require_once('C:\\wamp64\\www\\bkash_lms\\public\\index.php')
